SF:lib/util/duck_duck_go_api_client.dart
DA:95,3
DA:96,3
DA:101,1
DA:103,1
DA:104,2
DA:105,1
DA:106,1
DA:107,1
DA:109,1
DA:112,2
DA:113,3
DA:114,1
LF:12
LH:12
end_of_record
SF:lib/util/rest_client.dart
DA:10,2
DA:14,4
DA:16,2
DA:17,2
DA:24,1
DA:31,1
DA:33,2
DA:35,1
DA:36,1
DA:39,3
DA:40,3
DA:41,2
DA:44,1
DA:45,2
DA:46,2
DA:47,1
DA:48,1
DA:55,1
LF:18
LH:18
end_of_record
SF:lib/model/simpson_model.dart
DA:6,1
DA:21,1
LF:2
LH:2
end_of_record
SF:lib/util/parser.dart
DA:93,1
DA:95,1
DA:98,2
DA:100,2
DA:101,1
DA:102,1
DA:105,1
DA:106,1
DA:108,2
DA:109,2
DA:110,1
DA:111,4
DA:114,1
DA:122,2
DA:123,1
DA:124,1
DA:126,1
DA:127,4
DA:129,1
DA:130,1
DA:132,1
DA:141,1
DA:143,2
DA:146,1
DA:148,3
DA:149,2
DA:156,1
DA:158,1
DA:160,2
DA:163,0
DA:165,0
DA:166,0
DA:167,0
DA:168,0
DA:175,1
DA:177,1
DA:180,1
DA:181,3
DA:182,1
LF:39
LH:34
end_of_record
SF:lib/util/uri_builder.dart
DA:7,1
DA:8,1
DA:9,1
DA:10,2
DA:11,2
DA:13,1
DA:14,3
DA:15,3
DA:19,0
DA:20,0
DA:24,0
DA:25,0
DA:29,1
DA:30,2
DA:34,1
DA:35,1
DA:36,1
DA:37,1
DA:38,1
DA:39,3
DA:45,2
LF:21
LH:17
end_of_record
